<?xml version="1.0" encoding="UTF-8"?>
<testng-results ignored="0" total="1" passed="1" failed="0" skipped="0">
  <reporter-output>
  </reporter-output>
  <suite started-at="2024-09-01T15:48:57 EDT" name="Default suite" finished-at="2024-09-01T15:49:00 EDT" duration-ms="3121">
    <groups>
    </groups>
    <test started-at="2024-09-01T15:48:57 EDT" name="Default test" finished-at="2024-09-01T15:49:00 EDT" duration-ms="3121">
      <class name="DataDrivenTests.Get_All_Emplyees">
        <test-method is-config="true" signature="setup()[pri:0, instance:DataDrivenTests.Get_All_Emplyees@68267da0]" started-at="2024-09-01T15:48:57 EDT" name="setup" finished-at="2024-09-01T15:48:57 EDT" duration-ms="186" status="PASS">
          <reporter-output>
          </reporter-output>
        </test-method> <!-- setup -->
        <test-method is-config="true" signature="getAllEmployees()[pri:0, instance:DataDrivenTests.Get_All_Emplyees@68267da0]" started-at="2024-09-01T15:48:57 EDT" name="getAllEmployees" finished-at="2024-09-01T15:49:00 EDT" duration-ms="2782" status="PASS">
          <reporter-output>
          </reporter-output>
        </test-method> <!-- getAllEmployees -->
        <test-method signature="printEmployees()[pri:0, instance:DataDrivenTests.Get_All_Emplyees@68267da0]" started-at="2024-09-01T15:49:00 EDT" name="printEmployees" finished-at="2024-09-01T15:49:00 EDT" duration-ms="64" status="PASS">
          <reporter-output>
          </reporter-output>
        </test-method> <!-- printEmployees -->
      </class> <!-- DataDrivenTests.Get_All_Emplyees -->
    </test> <!-- Default test -->
  </suite> <!-- Default suite -->
</testng-results>
